<?xml version="1.0" encoding="UTF-8"?>
<testsuite xmlns:xsi="http://www.w3.org/2001/XMLSchema-instance" xsi:noNamespaceSchemaLocation="https://maven.apache.org/surefire/maven-surefire-plugin/xsd/surefire-test-report.xsd" name="cucumber.TestParallel" time="11.869" tests="1" errors="0" skipped="0" failures="0">
  <properties>
    <property name="sun.desktop" value="windows"/>
    <property name="awt.toolkit" value="sun.awt.windows.WToolkit"/>
    <property name="file.encoding.pkg" value="sun.io"/>
    <property name="java.specification.version" value="1.8"/>
    <property name="sun.cpu.isalist" value="amd64"/>
    <property name="sun.jnu.encoding" value="Cp1252"/>
    <property name="java.class.path" value="C:\Users\aditk\IdeaProjects\KarateAPI\target\test-classes;C:\Users\aditk\IdeaProjects\KarateAPI\target\classes;C:\WINDOWS\system32\config\systemprofile\.m2\repository\com\intuit\karate\karate-apache\0.9.5\karate-apache-0.9.5.jar;C:\WINDOWS\system32\config\systemprofile\.m2\repository\com\intuit\karate\karate-core\0.9.5\karate-core-0.9.5.jar;C:\WINDOWS\system32\config\systemprofile\.m2\repository\com\jayway\jsonpath\json-path\2.4.0\json-path-2.4.0.jar;C:\WINDOWS\system32\config\systemprofile\.m2\repository\net\minidev\json-smart\2.3\json-smart-2.3.jar;C:\WINDOWS\system32\config\systemprofile\.m2\repository\net\minidev\accessors-smart\1.2\accessors-smart-1.2.jar;C:\WINDOWS\system32\config\systemprofile\.m2\repository\org\ow2\asm\asm\5.0.4\asm-5.0.4.jar;C:\WINDOWS\system32\config\systemprofile\.m2\repository\info\cukes\cucumber-java\1.2.5\cucumber-java-1.2.5.jar;C:\WINDOWS\system32\config\systemprofile\.m2\repository\info\cukes\cucumber-core\1.2.5\cucumber-core-1.2.5.jar;C:\WINDOWS\system32\config\systemprofile\.m2\repository\org\yaml\snakeyaml\1.24\snakeyaml-1.24.jar;C:\WINDOWS\system32\config\systemprofile\.m2\repository\de\siegmar\fastcsv\1.0.3\fastcsv-1.0.3.jar;C:\WINDOWS\system32\config\systemprofile\.m2\repository\info\picocli\picocli\4.0.3\picocli-4.0.3.jar;C:\WINDOWS\system32\config\systemprofile\.m2\repository\org\apache\httpcomponents\httpclient\4.5.11\httpclient-4.5.11.jar;C:\WINDOWS\system32\config\systemprofile\.m2\repository\org\apache\httpcomponents\httpcore\4.4.13\httpcore-4.4.13.jar;C:\WINDOWS\system32\config\systemprofile\.m2\repository\commons-codec\commons-codec\1.11\commons-codec-1.11.jar;C:\WINDOWS\system32\config\systemprofile\.m2\repository\org\apache\httpcomponents\httpmime\4.5.11\httpmime-4.5.11.jar;C:\WINDOWS\system32\config\systemprofile\.m2\repository\org\slf4j\jcl-over-slf4j\1.7.25\jcl-over-slf4j-1.7.25.jar;C:\WINDOWS\system32\config\systemprofile\.m2\repository\org\slf4j\slf4j-api\1.7.25\slf4j-api-1.7.25.jar;C:\WINDOWS\system32\config\systemprofile\.m2\repository\ch\qos\logback\logback-classic\1.2.3\logback-classic-1.2.3.jar;C:\WINDOWS\system32\config\systemprofile\.m2\repository\ch\qos\logback\logback-core\1.2.3\logback-core-1.2.3.jar;C:\WINDOWS\system32\config\systemprofile\.m2\repository\com\intuit\karate\karate-junit5\0.9.5\karate-junit5-0.9.5.jar;C:\WINDOWS\system32\config\systemprofile\.m2\repository\org\junit\jupiter\junit-jupiter-api\5.5.0\junit-jupiter-api-5.5.0.jar;C:\WINDOWS\system32\config\systemprofile\.m2\repository\org\apiguardian\apiguardian-api\1.1.0\apiguardian-api-1.1.0.jar;C:\WINDOWS\system32\config\systemprofile\.m2\repository\org\opentest4j\opentest4j\1.2.0\opentest4j-1.2.0.jar;C:\WINDOWS\system32\config\systemprofile\.m2\repository\org\junit\platform\junit-platform-commons\1.5.0\junit-platform-commons-1.5.0.jar;C:\WINDOWS\system32\config\systemprofile\.m2\repository\org\junit\jupiter\junit-jupiter-engine\5.5.0\junit-jupiter-engine-5.5.0.jar;C:\WINDOWS\system32\config\systemprofile\.m2\repository\org\junit\platform\junit-platform-engine\1.5.0\junit-platform-engine-1.5.0.jar;C:\WINDOWS\system32\config\systemprofile\.m2\repository\net\masterthought\cucumber-reporting\3.8.0\cucumber-reporting-3.8.0.jar;C:\WINDOWS\system32\config\systemprofile\.m2\repository\org\apache\logging\log4j\log4j-api\2.6\log4j-api-2.6.jar;C:\WINDOWS\system32\config\systemprofile\.m2\repository\org\apache\logging\log4j\log4j-core\2.6\log4j-core-2.6.jar;C:\WINDOWS\system32\config\systemprofile\.m2\repository\com\fasterxml\jackson\core\jackson-databind\2.8.5\jackson-databind-2.8.5.jar;C:\WINDOWS\system32\config\systemprofile\.m2\repository\com\fasterxml\jackson\core\jackson-annotations\2.8.0\jackson-annotations-2.8.0.jar;C:\WINDOWS\system32\config\systemprofile\.m2\repository\com\fasterxml\jackson\core\jackson-core\2.8.5\jackson-core-2.8.5.jar;C:\WINDOWS\system32\config\systemprofile\.m2\repository\org\apache\velocity\velocity\1.7\velocity-1.7.jar;C:\WINDOWS\system32\config\systemprofile\.m2\repository\commons-collections\commons-collections\3.2.1\commons-collections-3.2.1.jar;C:\WINDOWS\system32\config\systemprofile\.m2\repository\commons-lang\commons-lang\2.4\commons-lang-2.4.jar;C:\WINDOWS\system32\config\systemprofile\.m2\repository\velocity-tools\velocity-tools\1.4\velocity-tools-1.4.jar;C:\WINDOWS\system32\config\systemprofile\.m2\repository\joda-time\joda-time\2.9.6\joda-time-2.9.6.jar;C:\WINDOWS\system32\config\systemprofile\.m2\repository\org\apache\commons\commons-lang3\3.5\commons-lang3-3.5.jar;C:\WINDOWS\system32\config\systemprofile\.m2\repository\commons-io\commons-io\2.5\commons-io-2.5.jar;C:\WINDOWS\system32\config\systemprofile\.m2\repository\net\lingala\zip4j\zip4j\1.3.2\zip4j-1.3.2.jar;C:\WINDOWS\system32\config\systemprofile\.m2\repository\org\codehaus\plexus\plexus-utils\3.0.24\plexus-utils-3.0.24.jar;C:\WINDOWS\system32\config\systemprofile\.m2\repository\org\jsoup\jsoup\1.10.1\jsoup-1.10.1.jar;C:\WINDOWS\system32\config\systemprofile\.m2\repository\com\googlecode\owasp-java-html-sanitizer\owasp-java-html-sanitizer\20160924.1\owasp-java-html-sanitizer-20160924.1.jar;C:\WINDOWS\system32\config\systemprofile\.m2\repository\com\google\guava\guava\20.0\guava-20.0.jar;C:\WINDOWS\system32\config\systemprofile\.m2\repository\com\intuit\karate\karate-gatling\0.9.5\karate-gatling-0.9.5.jar;C:\WINDOWS\system32\config\systemprofile\.m2\repository\io\gatling\highcharts\gatling-charts-highcharts\3.0.2\gatling-charts-highcharts-3.0.2.jar;C:\WINDOWS\system32\config\systemprofile\.m2\repository\org\scala-lang\scala-library\2.12.8\scala-library-2.12.8.jar;C:\WINDOWS\system32\config\systemprofile\.m2\repository\io\gatling\gatling-charts\3.0.2\gatling-charts-3.0.2.jar;C:\WINDOWS\system32\config\systemprofile\.m2\repository\io\gatling\gatling-core\3.0.2\gatling-core-3.0.2.jar;C:\WINDOWS\system32\config\systemprofile\.m2\repository\com\typesafe\akka\akka-slf4j_2.12\2.5.19\akka-slf4j_2.12-2.5.19.jar;C:\WINDOWS\system32\config\systemprofile\.m2\repository\org\simpleflatmapper\lightning-csv\6.0.13\lightning-csv-6.0.13.jar;C:\WINDOWS\system32\config\systemprofile\.m2\repository\org\simpleflatmapper\sfm-util\6.0.13\sfm-util-6.0.13.jar;C:\WINDOWS\system32\config\systemprofile\.m2\repository\com\github\ben-manes\caffeine\caffeine\2.6.2\caffeine-2.6.2.jar;C:\WINDOWS\system32\config\systemprofile\.m2\repository\io\pebbletemplates\pebble\3.0.6\pebble-3.0.6.jar;C:\WINDOWS\system32\config\systemprofile\.m2\repository\org\unbescape\unbescape\1.1.6.RELEASE\unbescape-1.1.6.RELEASE.jar;C:\WINDOWS\system32\config\systemprofile\.m2\repository\org\scala-lang\modules\scala-parser-combinators_2.12\1.1.1\scala-parser-combinators_2.12-1.1.1.jar;C:\WINDOWS\system32\config\systemprofile\.m2\repository\com\github\scopt\scopt_2.12\3.7.1\scopt_2.12-3.7.1.jar;C:\WINDOWS\system32\config\systemprofile\.m2\repository\io\gatling\jsonpath_2.12\0.6.14\jsonpath_2.12-0.6.14.jar;C:\WINDOWS\system32\config\systemprofile\.m2\repository\org\jodd\jodd-json\5.0.6\jodd-json-5.0.6.jar;C:\WINDOWS\system32\config\systemprofile\.m2\repository\org\jodd\jodd-bean\5.0.6\jodd-bean-5.0.6.jar;C:\WINDOWS\system32\config\systemprofile\.m2\repository\org\jodd\jodd-core\5.0.6\jodd-core-5.0.6.jar;C:\WINDOWS\system32\config\systemprofile\.m2\repository\net\sf\saxon\Saxon-HE\9.9.0-2\Saxon-HE-9.9.0-2.jar;C:\WINDOWS\system32\config\systemprofile\.m2\repository\org\jodd\jodd-lagarto\5.0.6\jodd-lagarto-5.0.6.jar;C:\WINDOWS\system32\config\systemprofile\.m2\repository\org\jodd\jodd-log\5.0.6\jodd-log-5.0.6.jar;C:\WINDOWS\system32\config\systemprofile\.m2\repository\com\tdunning\t-digest\3.1\t-digest-3.1.jar;C:\WINDOWS\system32\config\systemprofile\.m2\repository\io\gatling\gatling-app\3.0.2\gatling-app-3.0.2.jar;C:\WINDOWS\system32\config\systemprofile\.m2\repository\io\gatling\gatling-http\3.0.2\gatling-http-3.0.2.jar;C:\WINDOWS\system32\config\systemprofile\.m2\repository\org\scala-lang\modules\scala-xml_2.12\1.1.1\scala-xml_2.12-1.1.1.jar;C:\WINDOWS\system32\config\systemprofile\.m2\repository\io\gatling\gatling-jms\3.0.2\gatling-jms-3.0.2.jar;C:\WINDOWS\system32\config\systemprofile\.m2\repository\org\apache\geronimo\specs\geronimo-jms_1.1_spec\1.1.1\geronimo-jms_1.1_spec-1.1.1.jar;C:\WINDOWS\system32\config\systemprofile\.m2\repository\io\gatling\gatling-jdbc\3.0.2\gatling-jdbc-3.0.2.jar;C:\WINDOWS\system32\config\systemprofile\.m2\repository\io\gatling\gatling-redis\3.0.2\gatling-redis-3.0.2.jar;C:\WINDOWS\system32\config\systemprofile\.m2\repository\net\debasishg\redisclient_2.12\3.7\redisclient_2.12-3.7.jar;C:\WINDOWS\system32\config\systemprofile\.m2\repository\commons-pool\commons-pool\1.6\commons-pool-1.6.jar;C:\WINDOWS\system32\config\systemprofile\.m2\repository\io\gatling\gatling-graphite\3.0.2\gatling-graphite-3.0.2.jar;C:\WINDOWS\system32\config\systemprofile\.m2\repository\org\hdrhistogram\HdrHistogram\2.1.10\HdrHistogram-2.1.10.jar;C:\WINDOWS\system32\config\systemprofile\.m2\repository\io\gatling\gatling-recorder\3.0.2\gatling-recorder-3.0.2.jar;C:\WINDOWS\system32\config\systemprofile\.m2\repository\org\scala-lang\modules\scala-swing_2.12\2.0.3\scala-swing_2.12-2.0.3.jar;C:\WINDOWS\system32\config\systemprofile\.m2\repository\org\json4s\json4s-jackson_2.12\3.6.2\json4s-jackson_2.12-3.6.2.jar;C:\WINDOWS\system32\config\systemprofile\.m2\repository\org\json4s\json4s-core_2.12\3.6.2\json4s-core_2.12-3.6.2.jar;C:\WINDOWS\system32\config\systemprofile\.m2\repository\org\json4s\json4s-ast_2.12\3.6.2\json4s-ast_2.12-3.6.2.jar;C:\WINDOWS\system32\config\systemprofile\.m2\repository\org\json4s\json4s-scalap_2.12\3.6.2\json4s-scalap_2.12-3.6.2.jar;C:\WINDOWS\system32\config\systemprofile\.m2\repository\com\thoughtworks\paranamer\paranamer\2.8\paranamer-2.8.jar;C:\WINDOWS\system32\config\systemprofile\.m2\repository\org\bouncycastle\bcpkix-jdk15on\1.60\bcpkix-jdk15on-1.60.jar;C:\WINDOWS\system32\config\systemprofile\.m2\repository\org\bouncycastle\bcprov-jdk15on\1.60\bcprov-jdk15on-1.60.jar;C:\WINDOWS\system32\config\systemprofile\.m2\repository\io\netty\netty-codec-http\4.1.32.Final\netty-codec-http-4.1.32.Final.jar;C:\WINDOWS\system32\config\systemprofile\.m2\repository\io\netty\netty-codec\4.1.32.Final\netty-codec-4.1.32.Final.jar;C:\WINDOWS\system32\config\systemprofile\.m2\repository\com\typesafe\akka\akka-actor_2.12\2.5.19\akka-actor_2.12-2.5.19.jar;C:\WINDOWS\system32\config\systemprofile\.m2\repository\io\gatling\gatling-http-client\3.0.2\gatling-http-client-3.0.2.jar;C:\WINDOWS\system32\config\systemprofile\.m2\repository\io\gatling\gatling-netty-util\3.0.2\gatling-netty-util-3.0.2.jar;C:\WINDOWS\system32\config\systemprofile\.m2\repository\io\netty\netty-buffer\4.1.32.Final\netty-buffer-4.1.32.Final.jar;C:\WINDOWS\system32\config\systemprofile\.m2\repository\io\netty\netty-common\4.1.32.Final\netty-common-4.1.32.Final.jar;C:\WINDOWS\system32\config\systemprofile\.m2\repository\io\netty\netty-handler\4.1.32.Final\netty-handler-4.1.32.Final.jar;C:\WINDOWS\system32\config\systemprofile\.m2\repository\io\netty\netty-transport\4.1.32.Final\netty-transport-4.1.32.Final.jar;C:\WINDOWS\system32\config\systemprofile\.m2\repository\io\netty\netty-handler-proxy\4.1.32.Final\netty-handler-proxy-4.1.32.Final.jar;C:\WINDOWS\system32\config\systemprofile\.m2\repository\io\netty\netty-codec-socks\4.1.32.Final\netty-codec-socks-4.1.32.Final.jar;C:\WINDOWS\system32\config\systemprofile\.m2\repository\io\netty\netty-resolver-dns\4.1.32.Final\netty-resolver-dns-4.1.32.Final.jar;C:\WINDOWS\system32\config\systemprofile\.m2\repository\io\netty\netty-resolver\4.1.32.Final\netty-resolver-4.1.32.Final.jar;C:\WINDOWS\system32\config\systemprofile\.m2\repository\io\netty\netty-codec-dns\4.1.32.Final\netty-codec-dns-4.1.32.Final.jar;C:\WINDOWS\system32\config\systemprofile\.m2\repository\io\netty\netty-transport-native-epoll\4.1.32.Final\netty-transport-native-epoll-4.1.32.Final-linux-x86_64.jar;C:\WINDOWS\system32\config\systemprofile\.m2\repository\io\netty\netty-transport-native-unix-common\4.1.32.Final\netty-transport-native-unix-common-4.1.32.Final.jar;C:\WINDOWS\system32\config\systemprofile\.m2\repository\io\netty\netty-codec-http2\4.1.32.Final\netty-codec-http2-4.1.32.Final.jar;C:\WINDOWS\system32\config\systemprofile\.m2\repository\io\netty\netty-tcnative-boringssl-static\2.0.20.Final\netty-tcnative-boringssl-static-2.0.20.Final.jar;C:\WINDOWS\system32\config\systemprofile\.m2\repository\com\sun\activation\javax.activation\1.2.0\javax.activation-1.2.0.jar;C:\WINDOWS\system32\config\systemprofile\.m2\repository\com\typesafe\scala-logging\scala-logging_2.12\3.9.0\scala-logging_2.12-3.9.0.jar;C:\WINDOWS\system32\config\systemprofile\.m2\repository\io\gatling\gatling-commons\3.0.2\gatling-commons-3.0.2.jar;C:\WINDOWS\system32\config\systemprofile\.m2\repository\org\scala-lang\scala-reflect\2.12.8\scala-reflect-2.12.8.jar;C:\WINDOWS\system32\config\systemprofile\.m2\repository\com\typesafe\config\1.3.3\config-1.3.3.jar;C:\WINDOWS\system32\config\systemprofile\.m2\repository\com\dongxiguo\fastring_2.12\1.0.0\fastring_2.12-1.0.0.jar;C:\WINDOWS\system32\config\systemprofile\.m2\repository\io\suzaku\boopickle_2.12\1.3.0\boopickle_2.12-1.3.0.jar;C:\WINDOWS\system32\config\systemprofile\.m2\repository\org\typelevel\spire-macros_2.12\0.16.0\spire-macros_2.12-0.16.0.jar;C:\WINDOWS\system32\config\systemprofile\.m2\repository\com\softwaremill\quicklens\quicklens_2.12\1.4.11\quicklens_2.12-1.4.11.jar;C:\WINDOWS\system32\config\systemprofile\.m2\repository\org\scala-lang\modules\scala-java8-compat_2.12\0.9.0\scala-java8-compat_2.12-0.9.0.jar;C:\WINDOWS\system32\config\systemprofile\.m2\repository\com\eatthepath\fast-uuid\0.1\fast-uuid-0.1.jar;"/>
    <property name="java.vm.vendor" value="Oracle Corporation"/>
    <property name="sun.arch.data.model" value="64"/>
    <property name="user.variant" value=""/>
    <property name="java.vendor.url" value="http://java.oracle.com/"/>
    <property name="user.timezone" value="America/New_York"/>
    <property name="java.vm.specification.version" value="1.8"/>
    <property name="os.name" value="Windows 10"/>
    <property name="user.country" value="US"/>
    <property name="sun.java.launcher" value="SUN_STANDARD"/>
    <property name="sun.boot.library.path" value="C:\Program Files\Java\jdk8u221\jre\bin"/>
    <property name="sun.java.command" value="C:\WINDOWS\TEMP\surefire4477181582738439263\surefirebooter5955427630414702919.jar C:\Windows\Temp\surefire4477181582738439263 2020-07-26T09-58-25_371-jvmRun1 surefire5007915681019045582tmp surefire_0234698790709213137tmp"/>
    <property name="surefire.test.class.path" value="C:\Users\aditk\IdeaProjects\KarateAPI\target\test-classes;C:\Users\aditk\IdeaProjects\KarateAPI\target\classes;C:\WINDOWS\system32\config\systemprofile\.m2\repository\com\intuit\karate\karate-apache\0.9.5\karate-apache-0.9.5.jar;C:\WINDOWS\system32\config\systemprofile\.m2\repository\com\intuit\karate\karate-core\0.9.5\karate-core-0.9.5.jar;C:\WINDOWS\system32\config\systemprofile\.m2\repository\com\jayway\jsonpath\json-path\2.4.0\json-path-2.4.0.jar;C:\WINDOWS\system32\config\systemprofile\.m2\repository\net\minidev\json-smart\2.3\json-smart-2.3.jar;C:\WINDOWS\system32\config\systemprofile\.m2\repository\net\minidev\accessors-smart\1.2\accessors-smart-1.2.jar;C:\WINDOWS\system32\config\systemprofile\.m2\repository\org\ow2\asm\asm\5.0.4\asm-5.0.4.jar;C:\WINDOWS\system32\config\systemprofile\.m2\repository\info\cukes\cucumber-java\1.2.5\cucumber-java-1.2.5.jar;C:\WINDOWS\system32\config\systemprofile\.m2\repository\info\cukes\cucumber-core\1.2.5\cucumber-core-1.2.5.jar;C:\WINDOWS\system32\config\systemprofile\.m2\repository\org\yaml\snakeyaml\1.24\snakeyaml-1.24.jar;C:\WINDOWS\system32\config\systemprofile\.m2\repository\de\siegmar\fastcsv\1.0.3\fastcsv-1.0.3.jar;C:\WINDOWS\system32\config\systemprofile\.m2\repository\info\picocli\picocli\4.0.3\picocli-4.0.3.jar;C:\WINDOWS\system32\config\systemprofile\.m2\repository\org\apache\httpcomponents\httpclient\4.5.11\httpclient-4.5.11.jar;C:\WINDOWS\system32\config\systemprofile\.m2\repository\org\apache\httpcomponents\httpcore\4.4.13\httpcore-4.4.13.jar;C:\WINDOWS\system32\config\systemprofile\.m2\repository\commons-codec\commons-codec\1.11\commons-codec-1.11.jar;C:\WINDOWS\system32\config\systemprofile\.m2\repository\org\apache\httpcomponents\httpmime\4.5.11\httpmime-4.5.11.jar;C:\WINDOWS\system32\config\systemprofile\.m2\repository\org\slf4j\jcl-over-slf4j\1.7.25\jcl-over-slf4j-1.7.25.jar;C:\WINDOWS\system32\config\systemprofile\.m2\repository\org\slf4j\slf4j-api\1.7.25\slf4j-api-1.7.25.jar;C:\WINDOWS\system32\config\systemprofile\.m2\repository\ch\qos\logback\logback-classic\1.2.3\logback-classic-1.2.3.jar;C:\WINDOWS\system32\config\systemprofile\.m2\repository\ch\qos\logback\logback-core\1.2.3\logback-core-1.2.3.jar;C:\WINDOWS\system32\config\systemprofile\.m2\repository\com\intuit\karate\karate-junit5\0.9.5\karate-junit5-0.9.5.jar;C:\WINDOWS\system32\config\systemprofile\.m2\repository\org\junit\jupiter\junit-jupiter-api\5.5.0\junit-jupiter-api-5.5.0.jar;C:\WINDOWS\system32\config\systemprofile\.m2\repository\org\apiguardian\apiguardian-api\1.1.0\apiguardian-api-1.1.0.jar;C:\WINDOWS\system32\config\systemprofile\.m2\repository\org\opentest4j\opentest4j\1.2.0\opentest4j-1.2.0.jar;C:\WINDOWS\system32\config\systemprofile\.m2\repository\org\junit\platform\junit-platform-commons\1.5.0\junit-platform-commons-1.5.0.jar;C:\WINDOWS\system32\config\systemprofile\.m2\repository\org\junit\jupiter\junit-jupiter-engine\5.5.0\junit-jupiter-engine-5.5.0.jar;C:\WINDOWS\system32\config\systemprofile\.m2\repository\org\junit\platform\junit-platform-engine\1.5.0\junit-platform-engine-1.5.0.jar;C:\WINDOWS\system32\config\systemprofile\.m2\repository\net\masterthought\cucumber-reporting\3.8.0\cucumber-reporting-3.8.0.jar;C:\WINDOWS\system32\config\systemprofile\.m2\repository\org\apache\logging\log4j\log4j-api\2.6\log4j-api-2.6.jar;C:\WINDOWS\system32\config\systemprofile\.m2\repository\org\apache\logging\log4j\log4j-core\2.6\log4j-core-2.6.jar;C:\WINDOWS\system32\config\systemprofile\.m2\repository\com\fasterxml\jackson\core\jackson-databind\2.8.5\jackson-databind-2.8.5.jar;C:\WINDOWS\system32\config\systemprofile\.m2\repository\com\fasterxml\jackson\core\jackson-annotations\2.8.0\jackson-annotations-2.8.0.jar;C:\WINDOWS\system32\config\systemprofile\.m2\repository\com\fasterxml\jackson\core\jackson-core\2.8.5\jackson-core-2.8.5.jar;C:\WINDOWS\system32\config\systemprofile\.m2\repository\org\apache\velocity\velocity\1.7\velocity-1.7.jar;C:\WINDOWS\system32\config\systemprofile\.m2\repository\commons-collections\commons-collections\3.2.1\commons-collections-3.2.1.jar;C:\WINDOWS\system32\config\systemprofile\.m2\repository\commons-lang\commons-lang\2.4\commons-lang-2.4.jar;C:\WINDOWS\system32\config\systemprofile\.m2\repository\velocity-tools\velocity-tools\1.4\velocity-tools-1.4.jar;C:\WINDOWS\system32\config\systemprofile\.m2\repository\joda-time\joda-time\2.9.6\joda-time-2.9.6.jar;C:\WINDOWS\system32\config\systemprofile\.m2\repository\org\apache\commons\commons-lang3\3.5\commons-lang3-3.5.jar;C:\WINDOWS\system32\config\systemprofile\.m2\repository\commons-io\commons-io\2.5\commons-io-2.5.jar;C:\WINDOWS\system32\config\systemprofile\.m2\repository\net\lingala\zip4j\zip4j\1.3.2\zip4j-1.3.2.jar;C:\WINDOWS\system32\config\systemprofile\.m2\repository\org\codehaus\plexus\plexus-utils\3.0.24\plexus-utils-3.0.24.jar;C:\WINDOWS\system32\config\systemprofile\.m2\repository\org\jsoup\jsoup\1.10.1\jsoup-1.10.1.jar;C:\WINDOWS\system32\config\systemprofile\.m2\repository\com\googlecode\owasp-java-html-sanitizer\owasp-java-html-sanitizer\20160924.1\owasp-java-html-sanitizer-20160924.1.jar;C:\WINDOWS\system32\config\systemprofile\.m2\repository\com\google\guava\guava\20.0\guava-20.0.jar;C:\WINDOWS\system32\config\systemprofile\.m2\repository\com\intuit\karate\karate-gatling\0.9.5\karate-gatling-0.9.5.jar;C:\WINDOWS\system32\config\systemprofile\.m2\repository\io\gatling\highcharts\gatling-charts-highcharts\3.0.2\gatling-charts-highcharts-3.0.2.jar;C:\WINDOWS\system32\config\systemprofile\.m2\repository\org\scala-lang\scala-library\2.12.8\scala-library-2.12.8.jar;C:\WINDOWS\system32\config\systemprofile\.m2\repository\io\gatling\gatling-charts\3.0.2\gatling-charts-3.0.2.jar;C:\WINDOWS\system32\config\systemprofile\.m2\repository\io\gatling\gatling-core\3.0.2\gatling-core-3.0.2.jar;C:\WINDOWS\system32\config\systemprofile\.m2\repository\com\typesafe\akka\akka-slf4j_2.12\2.5.19\akka-slf4j_2.12-2.5.19.jar;C:\WINDOWS\system32\config\systemprofile\.m2\repository\org\simpleflatmapper\lightning-csv\6.0.13\lightning-csv-6.0.13.jar;C:\WINDOWS\system32\config\systemprofile\.m2\repository\org\simpleflatmapper\sfm-util\6.0.13\sfm-util-6.0.13.jar;C:\WINDOWS\system32\config\systemprofile\.m2\repository\com\github\ben-manes\caffeine\caffeine\2.6.2\caffeine-2.6.2.jar;C:\WINDOWS\system32\config\systemprofile\.m2\repository\io\pebbletemplates\pebble\3.0.6\pebble-3.0.6.jar;C:\WINDOWS\system32\config\systemprofile\.m2\repository\org\unbescape\unbescape\1.1.6.RELEASE\unbescape-1.1.6.RELEASE.jar;C:\WINDOWS\system32\config\systemprofile\.m2\repository\org\scala-lang\modules\scala-parser-combinators_2.12\1.1.1\scala-parser-combinators_2.12-1.1.1.jar;C:\WINDOWS\system32\config\systemprofile\.m2\repository\com\github\scopt\scopt_2.12\3.7.1\scopt_2.12-3.7.1.jar;C:\WINDOWS\system32\config\systemprofile\.m2\repository\io\gatling\jsonpath_2.12\0.6.14\jsonpath_2.12-0.6.14.jar;C:\WINDOWS\system32\config\systemprofile\.m2\repository\org\jodd\jodd-json\5.0.6\jodd-json-5.0.6.jar;C:\WINDOWS\system32\config\systemprofile\.m2\repository\org\jodd\jodd-bean\5.0.6\jodd-bean-5.0.6.jar;C:\WINDOWS\system32\config\systemprofile\.m2\repository\org\jodd\jodd-core\5.0.6\jodd-core-5.0.6.jar;C:\WINDOWS\system32\config\systemprofile\.m2\repository\net\sf\saxon\Saxon-HE\9.9.0-2\Saxon-HE-9.9.0-2.jar;C:\WINDOWS\system32\config\systemprofile\.m2\repository\org\jodd\jodd-lagarto\5.0.6\jodd-lagarto-5.0.6.jar;C:\WINDOWS\system32\config\systemprofile\.m2\repository\org\jodd\jodd-log\5.0.6\jodd-log-5.0.6.jar;C:\WINDOWS\system32\config\systemprofile\.m2\repository\com\tdunning\t-digest\3.1\t-digest-3.1.jar;C:\WINDOWS\system32\config\systemprofile\.m2\repository\io\gatling\gatling-app\3.0.2\gatling-app-3.0.2.jar;C:\WINDOWS\system32\config\systemprofile\.m2\repository\io\gatling\gatling-http\3.0.2\gatling-http-3.0.2.jar;C:\WINDOWS\system32\config\systemprofile\.m2\repository\org\scala-lang\modules\scala-xml_2.12\1.1.1\scala-xml_2.12-1.1.1.jar;C:\WINDOWS\system32\config\systemprofile\.m2\repository\io\gatling\gatling-jms\3.0.2\gatling-jms-3.0.2.jar;C:\WINDOWS\system32\config\systemprofile\.m2\repository\org\apache\geronimo\specs\geronimo-jms_1.1_spec\1.1.1\geronimo-jms_1.1_spec-1.1.1.jar;C:\WINDOWS\system32\config\systemprofile\.m2\repository\io\gatling\gatling-jdbc\3.0.2\gatling-jdbc-3.0.2.jar;C:\WINDOWS\system32\config\systemprofile\.m2\repository\io\gatling\gatling-redis\3.0.2\gatling-redis-3.0.2.jar;C:\WINDOWS\system32\config\systemprofile\.m2\repository\net\debasishg\redisclient_2.12\3.7\redisclient_2.12-3.7.jar;C:\WINDOWS\system32\config\systemprofile\.m2\repository\commons-pool\commons-pool\1.6\commons-pool-1.6.jar;C:\WINDOWS\system32\config\systemprofile\.m2\repository\io\gatling\gatling-graphite\3.0.2\gatling-graphite-3.0.2.jar;C:\WINDOWS\system32\config\systemprofile\.m2\repository\org\hdrhistogram\HdrHistogram\2.1.10\HdrHistogram-2.1.10.jar;C:\WINDOWS\system32\config\systemprofile\.m2\repository\io\gatling\gatling-recorder\3.0.2\gatling-recorder-3.0.2.jar;C:\WINDOWS\system32\config\systemprofile\.m2\repository\org\scala-lang\modules\scala-swing_2.12\2.0.3\scala-swing_2.12-2.0.3.jar;C:\WINDOWS\system32\config\systemprofile\.m2\repository\org\json4s\json4s-jackson_2.12\3.6.2\json4s-jackson_2.12-3.6.2.jar;C:\WINDOWS\system32\config\systemprofile\.m2\repository\org\json4s\json4s-core_2.12\3.6.2\json4s-core_2.12-3.6.2.jar;C:\WINDOWS\system32\config\systemprofile\.m2\repository\org\json4s\json4s-ast_2.12\3.6.2\json4s-ast_2.12-3.6.2.jar;C:\WINDOWS\system32\config\systemprofile\.m2\repository\org\json4s\json4s-scalap_2.12\3.6.2\json4s-scalap_2.12-3.6.2.jar;C:\WINDOWS\system32\config\systemprofile\.m2\repository\com\thoughtworks\paranamer\paranamer\2.8\paranamer-2.8.jar;C:\WINDOWS\system32\config\systemprofile\.m2\repository\org\bouncycastle\bcpkix-jdk15on\1.60\bcpkix-jdk15on-1.60.jar;C:\WINDOWS\system32\config\systemprofile\.m2\repository\org\bouncycastle\bcprov-jdk15on\1.60\bcprov-jdk15on-1.60.jar;C:\WINDOWS\system32\config\systemprofile\.m2\repository\io\netty\netty-codec-http\4.1.32.Final\netty-codec-http-4.1.32.Final.jar;C:\WINDOWS\system32\config\systemprofile\.m2\repository\io\netty\netty-codec\4.1.32.Final\netty-codec-4.1.32.Final.jar;C:\WINDOWS\system32\config\systemprofile\.m2\repository\com\typesafe\akka\akka-actor_2.12\2.5.19\akka-actor_2.12-2.5.19.jar;C:\WINDOWS\system32\config\systemprofile\.m2\repository\io\gatling\gatling-http-client\3.0.2\gatling-http-client-3.0.2.jar;C:\WINDOWS\system32\config\systemprofile\.m2\repository\io\gatling\gatling-netty-util\3.0.2\gatling-netty-util-3.0.2.jar;C:\WINDOWS\system32\config\systemprofile\.m2\repository\io\netty\netty-buffer\4.1.32.Final\netty-buffer-4.1.32.Final.jar;C:\WINDOWS\system32\config\systemprofile\.m2\repository\io\netty\netty-common\4.1.32.Final\netty-common-4.1.32.Final.jar;C:\WINDOWS\system32\config\systemprofile\.m2\repository\io\netty\netty-handler\4.1.32.Final\netty-handler-4.1.32.Final.jar;C:\WINDOWS\system32\config\systemprofile\.m2\repository\io\netty\netty-transport\4.1.32.Final\netty-transport-4.1.32.Final.jar;C:\WINDOWS\system32\config\systemprofile\.m2\repository\io\netty\netty-handler-proxy\4.1.32.Final\netty-handler-proxy-4.1.32.Final.jar;C:\WINDOWS\system32\config\systemprofile\.m2\repository\io\netty\netty-codec-socks\4.1.32.Final\netty-codec-socks-4.1.32.Final.jar;C:\WINDOWS\system32\config\systemprofile\.m2\repository\io\netty\netty-resolver-dns\4.1.32.Final\netty-resolver-dns-4.1.32.Final.jar;C:\WINDOWS\system32\config\systemprofile\.m2\repository\io\netty\netty-resolver\4.1.32.Final\netty-resolver-4.1.32.Final.jar;C:\WINDOWS\system32\config\systemprofile\.m2\repository\io\netty\netty-codec-dns\4.1.32.Final\netty-codec-dns-4.1.32.Final.jar;C:\WINDOWS\system32\config\systemprofile\.m2\repository\io\netty\netty-transport-native-epoll\4.1.32.Final\netty-transport-native-epoll-4.1.32.Final-linux-x86_64.jar;C:\WINDOWS\system32\config\systemprofile\.m2\repository\io\netty\netty-transport-native-unix-common\4.1.32.Final\netty-transport-native-unix-common-4.1.32.Final.jar;C:\WINDOWS\system32\config\systemprofile\.m2\repository\io\netty\netty-codec-http2\4.1.32.Final\netty-codec-http2-4.1.32.Final.jar;C:\WINDOWS\system32\config\systemprofile\.m2\repository\io\netty\netty-tcnative-boringssl-static\2.0.20.Final\netty-tcnative-boringssl-static-2.0.20.Final.jar;C:\WINDOWS\system32\config\systemprofile\.m2\repository\com\sun\activation\javax.activation\1.2.0\javax.activation-1.2.0.jar;C:\WINDOWS\system32\config\systemprofile\.m2\repository\com\typesafe\scala-logging\scala-logging_2.12\3.9.0\scala-logging_2.12-3.9.0.jar;C:\WINDOWS\system32\config\systemprofile\.m2\repository\io\gatling\gatling-commons\3.0.2\gatling-commons-3.0.2.jar;C:\WINDOWS\system32\config\systemprofile\.m2\repository\org\scala-lang\scala-reflect\2.12.8\scala-reflect-2.12.8.jar;C:\WINDOWS\system32\config\systemprofile\.m2\repository\com\typesafe\config\1.3.3\config-1.3.3.jar;C:\WINDOWS\system32\config\systemprofile\.m2\repository\com\dongxiguo\fastring_2.12\1.0.0\fastring_2.12-1.0.0.jar;C:\WINDOWS\system32\config\systemprofile\.m2\repository\io\suzaku\boopickle_2.12\1.3.0\boopickle_2.12-1.3.0.jar;C:\WINDOWS\system32\config\systemprofile\.m2\repository\org\typelevel\spire-macros_2.12\0.16.0\spire-macros_2.12-0.16.0.jar;C:\WINDOWS\system32\config\systemprofile\.m2\repository\com\softwaremill\quicklens\quicklens_2.12\1.4.11\quicklens_2.12-1.4.11.jar;C:\WINDOWS\system32\config\systemprofile\.m2\repository\org\scala-lang\modules\scala-java8-compat_2.12\0.9.0\scala-java8-compat_2.12-0.9.0.jar;C:\WINDOWS\system32\config\systemprofile\.m2\repository\com\eatthepath\fast-uuid\0.1\fast-uuid-0.1.jar;"/>
    <property name="sun.cpu.endian" value="little"/>
    <property name="user.home" value="C:\WINDOWS\system32\config\systemprofile"/>
    <property name="user.language" value="en"/>
    <property name="java.specification.vendor" value="Oracle Corporation"/>
    <property name="java.home" value="C:\Program Files\Java\jdk8u221\jre"/>
    <property name="basedir" value="C:\Users\aditk\IdeaProjects\KarateAPI"/>
    <property name="file.separator" value="\"/>
    <property name="line.separator" value="&#10;"/>
    <property name="java.vm.specification.vendor" value="Oracle Corporation"/>
    <property name="java.specification.name" value="Java Platform API Specification"/>
    <property name="java.awt.graphicsenv" value="sun.awt.Win32GraphicsEnvironment"/>
    <property name="surefire.real.class.path" value="C:\WINDOWS\TEMP\surefire4477181582738439263\surefirebooter5955427630414702919.jar;C:\\WINDOWS\\system32\\config\\systemprofile\\.m2\\repository\\org\\jacoco\\org.jacoco.agent\\0.7.7.201606060606\\org.jacoco.agent-0.7.7.201606060606-runtime.jar"/>
    <property name="sun.boot.class.path" value="C:\Program Files\Java\jdk8u221\jre\lib\resources.jar;C:\Program Files\Java\jdk8u221\jre\lib\rt.jar;C:\Program Files\Java\jdk8u221\jre\lib\sunrsasign.jar;C:\Program Files\Java\jdk8u221\jre\lib\jsse.jar;C:\Program Files\Java\jdk8u221\jre\lib\jce.jar;C:\Program Files\Java\jdk8u221\jre\lib\charsets.jar;C:\Program Files\Java\jdk8u221\jre\lib\jfr.jar;C:\Program Files\Java\jdk8u221\jre\classes"/>
    <property name="user.script" value=""/>
    <property name="sun.management.compiler" value="HotSpot 64-Bit Tiered Compilers"/>
    <property name="java.runtime.version" value="1.8.0_221-b11"/>
    <property name="user.name" value="LAPTOP-MPPDB782$"/>
    <property name="path.separator" value=";"/>
    <property name="os.version" value="10.0"/>
    <property name="java.endorsed.dirs" value="C:\Program Files\Java\jdk8u221\jre\lib\endorsed"/>
    <property name="java.runtime.name" value="Java(TM) SE Runtime Environment"/>
    <property name="file.encoding" value="Cp1252"/>
    <property name="java.vm.name" value="Java HotSpot(TM) 64-Bit Server VM"/>
    <property name="localRepository" value="C:\WINDOWS\system32\config\systemprofile\.m2\repository"/>
    <property name="java.vendor.url.bug" value="http://bugreport.sun.com/bugreport/"/>
    <property name="java.io.tmpdir" value="C:\WINDOWS\TEMP\"/>
    <property name="java.version" value="1.8.0_221"/>
    <property name="user.dir" value="C:\Users\aditk\IdeaProjects\KarateAPI"/>
    <property name="os.arch" value="amd64"/>
    <property name="java.vm.specification.name" value="Java Virtual Machine Specification"/>
    <property name="java.awt.printerjob" value="sun.awt.windows.WPrinterJob"/>
    <property name="sun.os.patch.level" value=""/>
    <property name="java.library.path" value="C:\Program Files\Java\jdk8u221\jre\bin;C:\WINDOWS\Sun\Java\bin;C:\WINDOWS\system32;C:\WINDOWS;C:\Program Files\Apache\apache-maven-3.6.3/bin;C:\Program Files\Java\jdk8u221/bin;C:\Program Files\Java\jdk8u221/bin;C:\Program Files (x86)\TRICENTIS\Tosca Testsuite\ToscaCommander;;C:\Program Files (x86)\TRICENTIS\Tosca Testsuite\Classic;C:\Program Files (x86)\TRICENTIS\Tosca Testsuite\Classic\dll;C:\Program Files (x86)\TRICENTIS\Tosca Testsuite\Classic\dll\GuptaEngine;C:\Program Files (x86)\TRICENTIS\Tosca Testsuite\ToscaCommander;C:\Program Files (x86)\TRICENTIS\Tosca Testsuite\Classic\dll\DelphiEngine;C:\Program Files (x86)\TRICENTIS\Tosca Testsuite\Classic\dll\PBEngine;C:\Program Files (x86)\TRICENTIS\Tosca Testsuite\Classic\dll\VBEngine;C:\Program Files (x86)\TRICENTIS\Tosca Testsuite\Classic\dll\DotNetHooking;;C:\Program Files\Java\jdk8u221\bin;C:\Program Files\Apache\apache-maven-3.6.3\bin;C:\Program Files (x86)\Common Files\Oracle\Java\javapath;C:\Program Files (x86)\Intel\iCLS Client\;C:\ProgramData\Oracle\Java\javapath;C:\Program Files\Intel\iCLS Client\;C:\WINDOWS\system32;C:\WINDOWS;C:\WINDOWS\System32\Wbem;C:\WINDOWS\System32\WindowsPowerShell\v1.0\;C:\Program Files (x86)\Intel\Intel(R) Management Engine Components\DAL;C:\Program Files\Intel\Intel(R) Management Engine Components\DAL;C:\Program Files (x86)\Intel\Intel(R) Management Engine Components\IPT;C:\Program Files\Intel\Intel(R) Management Engine Components\IPT;C:\Program Files\Microsoft SQL Server\130\Tools\Binn\;C:\WINDOWS\System32\OpenSSH\;C:\Program Files\PuTTY\;C:\Program Files\Amazon\AWSCLI\bin\;C:\Program Files\PowerShell\6\;C:\Program Files\Git\cmd;C:\Program Files\nodejs\;C:\WINDOWS\system32\config\systemprofile\AppData\Local\Microsoft\WindowsApps;."/>
    <property name="java.vm.info" value="mixed mode"/>
    <property name="java.vendor" value="Oracle Corporation"/>
    <property name="java.vm.version" value="25.221-b11"/>
    <property name="java.ext.dirs" value="C:\Program Files\Java\jdk8u221\jre\lib\ext;C:\WINDOWS\Sun\Java\lib\ext"/>
    <property name="sun.io.unicode.encoding" value="UnicodeLittle"/>
    <property name="java.class.version" value="52.0"/>
  </properties>
  <testcase name="testParallel" classname="cucumber.TestParallel" time="11.843"/>
</testsuite>